<?xml version="1.0" encoding="UTF-8"?>
<!-- Generated by org.testng.reporters.JUnitXMLReporter -->
<testsuite ignored="0" hostname="DESKTOP-S8J6KDB" failures="0" tests="3" name="Default test" time="3.246" errors="0" timestamp="2022-02-27T18:42:33 CET">
  <testcase classname="adApiTest.TestCases" name="CreateNewAd" time="2.182"/>
  <testcase classname="adApiTest.TestCases" name="updateAdByName" time="0.499"/>
  <testcase classname="adApiTest.TestCases" name="updateAdByStreet" time="0.524"/>
</testsuite> <!-- Default test -->
