<?xml version="1.0" encoding="UTF-8"?>
<!-- Generated by org.testng.reporters.JUnitXMLReporter -->
<testsuite ignored="0" hostname="DESKTOP-S8J6KDB" failures="0" tests="3" name="E2ETest" time="3.098" errors="0" timestamp="2022-02-27T18:37:07 CET">
  <testcase classname="adApiTest.TestCases" name="CreateNewAd" time="2.11"/>
  <testcase classname="adApiTest.TestCases" name="updateAdByName" time="0.508"/>
  <testcase classname="adApiTest.TestCases" name="updateAdByStreet" time="0.438"/>
</testsuite> <!-- E2ETest -->
