<?xml version="1.0" encoding="UTF-8"?>
<testng-results ignored="0" total="3" passed="3" failed="0" skipped="0">
  <reporter-output>
  </reporter-output>
  <suite started-at="2022-02-27T18:42:29 CET" name="Default suite" finished-at="2022-02-27T18:42:32 CET" duration-ms="3246">
    <groups>
    </groups>
    <test started-at="2022-02-27T18:42:29 CET" name="Default test" finished-at="2022-02-27T18:42:32 CET" duration-ms="3246">
      <class name="adApiTest.TestCases">
        <test-method signature="CreateNewAd()[pri:0, instance:adApiTest.TestCases@2ea227af]" started-at="2022-02-27T18:42:29 CET" name="CreateNewAd" description="Create new advertisement with valid data" finished-at="2022-02-27T18:42:31 CET" duration-ms="2182" status="PASS">
          <reporter-output>
          </reporter-output>
        </test-method> <!-- CreateNewAd -->
        <test-method signature="updateAdByName()[pri:0, instance:adApiTest.TestCases@2ea227af]" started-at="2022-02-27T18:42:31 CET" name="updateAdByName" description="Edit any existing advertisement by name" finished-at="2022-02-27T18:42:32 CET" duration-ms="499" status="PASS">
          <reporter-output>
          </reporter-output>
        </test-method> <!-- updateAdByName -->
        <test-method signature="updateAdByStreet()[pri:0, instance:adApiTest.TestCases@2ea227af]" started-at="2022-02-27T18:42:32 CET" name="updateAdByStreet" description="Edit any existing advertisement by street" finished-at="2022-02-27T18:42:32 CET" duration-ms="524" status="PASS">
          <reporter-output>
          </reporter-output>
        </test-method> <!-- updateAdByStreet -->
      </class> <!-- adApiTest.TestCases -->
    </test> <!-- Default test -->
  </suite> <!-- Default suite -->
</testng-results>
